周四 9月 19 11:11:11 2019
There is not adding in resources.
":prepare"
"  tool version: 3.0.0"
"  Param{srcApkPath:'/Users/xuliangliang/WorkSpace/yike/cloudpos/debug/cloudpos-debug.apk', fixedApkPath:'/Users/xuliangliang/WorkSpace/yike/debug/cloudpos-debug.apk', patchOut:'/Users/xuliangliang/WorkSpace/yike/release', signFilePath:'/Users/xuliangliang/icloud.jks', signFilePass:'*****', signAlias:'*****', signAliasPass:'*****', filterClzPath:'null', resPath:'/Users/xuliangliang/WorkSpace/yike/release/cache/patch/', resIdPath:'/Users/xuliangliang/WorkSpace/yike/release/cache/patch/overlay_map.txt', reserveTempDir:false, forceColdFix:false, ignoreSo:false, multiThread:true, steadyCompareRes:false, checkAppRef:true, application:'com.icloudwhale.cloudpos.base.MainApplication'}"
":prepare 4ms"
":unzip"
":unzip 1330ms"
":copyResource"
":copyResource 1ms"
":compareLib"
":compareLib 132ms"
":zipResource"
":zipResource 0ms"
":scanBaseApk"
"  dex files size:4"
":scanBaseApk 219ms"
":scanFixApk"
"  dex files size:4"
":scanFixApk 160ms"
":parseFilter"
":parseFilter 0ms"
":compareClasses"
"  jobs:4"
"  diff:(CLZ_MODIFY) Class:Lcom/icloudwhale/cloudpos/BuildConfig; Fields:[(FID_MOD_INIT) Lcom/icloudwhale/cloudpos/BuildConfig;->VERSION_CODE:I, (FID_MOD_INIT) Lcom/icloudwhale/cloudpos/BuildConfig;->VERSION_NAME:Ljava/lang/String;] Methods:[]"
"  diff:(CLZ_MODIFY) Class:Lkotlin/jvm/internal/DoubleCompanionObject; Fields:[(FID_MOD_INIT) Lkotlin/jvm/internal/DoubleCompanionObject;->NaN:D] Methods:[]"
"  diff:(CLZ_MODIFY) Class:Lcom/icloudwhale/cloudpos/fun/test/TestFragment; Fields:[] Methods:[(MET_MOD_IMPL) Lcom/icloudwhale/cloudpos/fun/test/TestFragment;->lambda$initListener$0$TestFragment(Lcom/icloudwhale/cloudpos/fun/test/User;I)V, (MET_MOD_IMPL) Lcom/icloudwhale/cloudpos/fun/test/TestFragment;->onReceiveEvent(Lcom/icloudwhale/cloudpos/base/event/EventMessage;)V]"
"  diff:(CLZ_MODIFY) Class:Lkotlin/jvm/internal/FloatCompanionObject; Fields:[(FID_MOD_INIT) Lkotlin/jvm/internal/FloatCompanionObject;->NaN:F] Methods:[]"
":compareClasses 14444ms"
":checkApplication"
"  isSteadyApplication:false allApplicationClassDefMap:[Lcom/icloudwhale/cloudpos/base/MainApplication;, Lcom/iwhalecloud/common/base/BaseApplication;]"
"  checkDexBackedMethod:Lcom/icloudwhale/cloudpos/base/MainApplication;-><init>()V"
"  checkDexBackedMethod:Lcom/iwhalecloud/common/base/BaseApplication;-><init>()V"
"  checkDexBackedMethod:Lcom/icloudwhale/cloudpos/base/MainApplication;->attachBaseContext(Landroid/content/Context;)V"
"  checkDexBackedMethod:Lcom/icloudwhale/cloudpos/base/MainApplication;->initSophix()V"
"  checkDexBackedMethod end as found sophix initialize"
":checkApplication 1ms"
":judgeHotfix"
"  modify class:Lcom/icloudwhale/cloudpos/BuildConfig;"
"  fields update:Lcom/icloudwhale/cloudpos/BuildConfig;->VERSION_CODE:I"
"  supportHotfix:false"
":judgeHotfix 0ms"
":baksmaliDiffClasses"
"  baksmali class:Lcom/icloudwhale/cloudpos/BuildConfig;"
"  baksmali class:Lkotlin/jvm/internal/DoubleCompanionObject;"
"  baksmali class:Lcom/icloudwhale/cloudpos/fun/test/TestFragment;"
"  baksmali class:Lkotlin/jvm/internal/FloatCompanionObject;"
":baksmaliDiffClasses 23ms"
":checkReference"
":checkReference 0ms"
":smaliDiffClasses"
"  dexSize:9KB"
":smaliDiffClasses 255ms"
":buildPatchDex"
"  manifest:PatchAttribute{hasDex=true, supportHotfix=false, systemReferences='', hasResFound=false, libPath=''}"
"  current time:20190919 11:11:30"
":buildPatchDex 168ms"
":aesEncrypt"
"  skip"
":aesEncrypt 0ms"
"Patch path:/Users/xuliangliang/WorkSpace/yike/release/sophix-patch.jar"
"Patch size:6KB"
"BUILD SUCCESS"
"Total time:16739ms"
